2019-04-26 11:55:26,539 [restartedMain]  INFO Starting DemoJwtApplication on TRCm-ACDM11 with PID 10884 (C:\Users\ekangethe\Downloads\Oauth2JwtProject\demo-jwt\target\classes started by ekangethe in C:\Users\ekangethe\Downloads\Oauth2JwtProject\demo-jwt)
2019-04-26 11:55:26,555 [restartedMain]  INFO No active profile set, falling back to default profiles: default
2019-04-26 11:55:26,742 [restartedMain]  INFO Devtools property defaults active! Set 'spring.devtools.add-properties' to 'false' to disable
2019-04-26 11:55:26,742 [restartedMain]  INFO For additional web related logging consider setting the 'logging.level.web' property to 'DEBUG'
2019-04-26 11:55:28,625 [restartedMain]  INFO Bootstrapping Spring Data repositories in DEFAULT mode.
2019-04-26 11:55:28,735 [restartedMain]  INFO Finished Spring Data repository scanning in 78ms. Found 3 repository interfaces.
2019-04-26 11:55:29,063 [restartedMain]  INFO Bean 'org.springframework.transaction.annotation.ProxyTransactionManagementConfiguration' of type [org.springframework.transaction.annotation.ProxyTransactionManagementConfiguration$$EnhancerBySpringCGLIB$$62fe61d7] is not eligible for getting processed by all BeanPostProcessors (for example: not eligible for auto-proxying)
2019-04-26 11:55:29,078 [restartedMain]  INFO Bean 'org.springframework.security.config.annotation.configuration.ObjectPostProcessorConfiguration' of type [org.springframework.security.config.annotation.configuration.ObjectPostProcessorConfiguration$$EnhancerBySpringCGLIB$$fbac2a11] is not eligible for getting processed by all BeanPostProcessors (for example: not eligible for auto-proxying)
2019-04-26 11:55:29,094 [restartedMain]  INFO Bean 'objectPostProcessor' of type [org.springframework.security.config.annotation.configuration.AutowireBeanFactoryObjectPostProcessor] is not eligible for getting processed by all BeanPostProcessors (for example: not eligible for auto-proxying)
2019-04-26 11:55:29,094 [restartedMain]  INFO Bean 'org.springframework.security.access.expression.method.DefaultMethodSecurityExpressionHandler@570bf6a4' of type [org.springframework.security.access.expression.method.DefaultMethodSecurityExpressionHandler] is not eligible for getting processed by all BeanPostProcessors (for example: not eligible for auto-proxying)
2019-04-26 11:55:29,094 [restartedMain]  INFO Bean 'org.springframework.security.config.annotation.method.configuration.GlobalMethodSecurityConfiguration' of type [org.springframework.security.config.annotation.method.configuration.GlobalMethodSecurityConfiguration$$EnhancerBySpringCGLIB$$2080ccc3] is not eligible for getting processed by all BeanPostProcessors (for example: not eligible for auto-proxying)
2019-04-26 11:55:29,094 [restartedMain]  INFO Bean 'methodSecurityMetadataSource' of type [org.springframework.security.access.method.DelegatingMethodSecurityMetadataSource] is not eligible for getting processed by all BeanPostProcessors (for example: not eligible for auto-proxying)
2019-04-26 11:55:29,860 [restartedMain]  INFO Tomcat initialized with port(s): 8080 (http)
2019-04-26 11:55:29,906 [restartedMain]  INFO Starting service [Tomcat]
2019-04-26 11:55:29,906 [restartedMain]  INFO Starting Servlet engine: [Apache Tomcat/9.0.17]
2019-04-26 11:55:30,051 [restartedMain]  INFO Initializing Spring embedded WebApplicationContext
2019-04-26 11:55:30,051 [restartedMain]  INFO Root WebApplicationContext: initialization completed in 3293 ms
2019-04-26 11:55:30,555 [restartedMain]  INFO Flyway Community Edition 5.2.4 by Boxfuse
2019-04-26 11:55:30,555 [restartedMain]  INFO HikariPool-1 - Starting...
2019-04-26 11:55:30,649 [restartedMain]  INFO HikariPool-1 - Start completed.
2019-04-26 11:55:30,649 [restartedMain]  INFO Database: jdbc:mysql://localhost:3306/user_security (MySQL 5.7)
2019-04-26 11:55:30,774 [restartedMain]  INFO Successfully validated 1 migration (execution time 00:00.033s)
2019-04-26 11:55:30,867 [restartedMain]  INFO Creating Schema History table: `user_security`.`flyway_schema_history`
2019-04-26 11:55:31,430 [restartedMain]  INFO Current version of schema `user_security`: << Empty Schema >>
2019-04-26 11:55:31,430 [restartedMain]  INFO Migrating schema `user_security` to version 1 - 20190423  oauth client details schema
2019-04-26 11:55:31,445 [restartedMain]  WARN DB: Unknown table 'user_security.oauth_client_details' (SQL State: 42S02 - Error Code: 1051)
2019-04-26 11:55:31,665 [restartedMain]  INFO Successfully applied 1 migration to schema `user_security` (execution time 00:00.794s)
2019-04-26 11:55:31,836 [restartedMain]  INFO HHH000204: Processing PersistenceUnitInfo [
	name: default
	...]
2019-04-26 11:55:31,883 [restartedMain]  INFO HHH000412: Hibernate Core {5.3.9.Final}
2019-04-26 11:55:31,883 [restartedMain]  INFO HHH000206: hibernate.properties not found
2019-04-26 11:55:32,070 [restartedMain]  INFO HCANN000001: Hibernate Commons Annotations {5.0.4.Final}
2019-04-26 11:55:32,273 [restartedMain]  INFO HHH000400: Using dialect: org.hibernate.dialect.MySQL5Dialect
2019-04-26 11:55:33,367 [restartedMain]  INFO Initialized JPA EntityManagerFactory for persistence unit 'default'
2019-04-26 11:55:33,414 [restartedMain]  INFO LiveReload server is running on port 35729
2019-04-26 11:55:34,937 [restartedMain]  INFO Creating filter chain: OrRequestMatcher [requestMatchers=[Ant [pattern='/oauth/token'], Ant [pattern='/oauth/token_key'], Ant [pattern='/oauth/check_token']]], [org.springframework.security.web.context.request.async.WebAsyncManagerIntegrationFilter@2b23ef00, org.springframework.security.web.context.SecurityContextPersistenceFilter@2d775193, org.springframework.security.web.header.HeaderWriterFilter@4ba6a7f7, org.springframework.security.web.authentication.logout.LogoutFilter@428f716a, org.springframework.security.web.authentication.www.BasicAuthenticationFilter@d122e5a, org.springframework.security.web.savedrequest.RequestCacheAwareFilter@306d70ad, org.springframework.security.web.servletapi.SecurityContextHolderAwareRequestFilter@2e3f64fa, org.springframework.security.web.authentication.AnonymousAuthenticationFilter@64a3cb9, org.springframework.security.web.session.SessionManagementFilter@fb0484d, org.springframework.security.web.access.ExceptionTranslationFilter@405cbbc7, org.springframework.security.web.access.intercept.FilterSecurityInterceptor@4560e1bd]
2019-04-26 11:55:34,937 [restartedMain]  INFO Creating filter chain: org.springframework.security.oauth2.config.annotation.web.configuration.ResourceServerConfiguration$NotOAuthRequestMatcher@2bf47c83, [org.springframework.security.web.context.request.async.WebAsyncManagerIntegrationFilter@7f27207, org.springframework.security.web.context.SecurityContextPersistenceFilter@3ae923e8, org.springframework.security.web.header.HeaderWriterFilter@57817242, org.springframework.security.web.authentication.logout.LogoutFilter@662ee5de, org.springframework.security.oauth2.provider.authentication.OAuth2AuthenticationProcessingFilter@14a8c2ed, org.springframework.security.web.savedrequest.RequestCacheAwareFilter@53984d16, org.springframework.security.web.servletapi.SecurityContextHolderAwareRequestFilter@f573645, org.springframework.security.web.authentication.AnonymousAuthenticationFilter@68f91dc8, org.springframework.security.web.session.SessionManagementFilter@4745caa3, org.springframework.security.web.access.ExceptionTranslationFilter@7e12f142, org.springframework.security.web.access.intercept.FilterSecurityInterceptor@3d76e48b]
2019-04-26 11:55:34,953 [restartedMain]  INFO Creating filter chain: any request, [org.springframework.security.web.context.request.async.WebAsyncManagerIntegrationFilter@5dc24ea, org.springframework.security.web.context.SecurityContextPersistenceFilter@22a9f72e, org.springframework.security.web.header.HeaderWriterFilter@1638ea6e, org.springframework.security.web.authentication.logout.LogoutFilter@390ef2ac, org.springframework.security.web.authentication.UsernamePasswordAuthenticationFilter@9c0a3fa, org.springframework.security.web.authentication.ui.DefaultLoginPageGeneratingFilter@54737f8b, org.springframework.security.web.authentication.ui.DefaultLogoutPageGeneratingFilter@fe07a95, org.springframework.security.web.savedrequest.RequestCacheAwareFilter@4197f054, org.springframework.security.web.servletapi.SecurityContextHolderAwareRequestFilter@102d0992, org.springframework.security.web.authentication.AnonymousAuthenticationFilter@70292392, org.springframework.security.web.session.SessionManagementFilter@f696e62, org.springframework.security.web.access.ExceptionTranslationFilter@15eed671, org.springframework.security.web.access.intercept.FilterSecurityInterceptor@5462f6a8]
2019-04-26 11:55:35,093 [restartedMain]  INFO Initializing ExecutorService 'applicationTaskExecutor'
2019-04-26 11:55:35,125 [restartedMain]  WARN spring.jpa.open-in-view is enabled by default. Therefore, database queries may be performed during view rendering. Explicitly configure spring.jpa.open-in-view to disable this warning
2019-04-26 11:55:35,312 [restartedMain]  INFO Exposing 2 endpoint(s) beneath base path '/actuator'
2019-04-26 11:55:35,437 [restartedMain]  INFO HHH000397: Using ASTQueryTranslatorFactory
2019-04-26 11:55:35,812 [restartedMain]  INFO Tomcat started on port(s): 8080 (http) with context path ''
2019-04-26 11:55:35,828 [restartedMain]  INFO Started DemoJwtApplication in 10.054 seconds (JVM running for 11.692)
2019-04-26 11:55:36,296 [RMI TCP Connection(4)-192.168.96.1]  INFO Initializing Spring DispatcherServlet 'dispatcherServlet'
2019-04-26 11:55:36,296 [RMI TCP Connection(4)-192.168.96.1]  INFO Initializing Servlet 'dispatcherServlet'
2019-04-26 11:55:36,328 [RMI TCP Connection(4)-192.168.96.1]  INFO Completed initialization in 32 ms
2019-04-26 11:56:09,500 [http-nio-8080-exec-3]  WARN Resolved [org.springframework.web.bind.MethodArgumentNotValidException: Validation failed for argument [0] in public org.springframework.http.ResponseEntity<com.example.demojwt.Utils.ApplicationUserResponse> com.example.demojwt.Applicationuser.ApplicationUserController.addUser(com.example.demojwt.Applicationuser.model.RegisterUser) with 3 errors: [Field error in object 'registerUser' on field 'email': rejected value [kakail.com]; codes [Email.registerUser.email,Email.email,Email.java.lang.String,Email]; arguments [org.springframework.context.support.DefaultMessageSourceResolvable: codes [registerUser.email,email]; arguments []; default message [email],[Ljavax.validation.constraints.Pattern$Flag;@23b0663b,org.springframework.validation.beanvalidation.SpringValidatorAdapter$ResolvableAttribute@6ea7fe43]; default message [Please provide a valid email]] [Field error in object 'registerUser' on field 'username': rejected value [ka]; codes [Size.registerUser.username,Size.username,Size.java.lang.String,Size]; arguments [org.springframework.context.support.DefaultMessageSourceResolvable: codes [registerUser.username,username]; arguments []; default message [username],2147483647,3]; default message [Username length must be greater than 3]] [Field error in object 'registerUser' on field 'password': rejected value [pword]; codes [Size.registerUser.password,Size.password,Size.java.lang.String,Size]; arguments [org.springframework.context.support.DefaultMessageSourceResolvable: codes [registerUser.password,password]; arguments []; default message [password],2147483647,8]; default message [Password length must be greater than 8]] ]
2019-04-26 11:56:40,840 [http-nio-8080-exec-10]  WARN Resolved [org.springframework.web.bind.MethodArgumentNotValidException: Validation failed for argument [0] in public org.springframework.http.ResponseEntity<com.example.demojwt.Utils.ApplicationUserResponse> com.example.demojwt.Applicationuser.ApplicationUserController.addUser(com.example.demojwt.Applicationuser.model.RegisterUser) with 2 errors: [Field error in object 'registerUser' on field 'password': rejected value [pword]; codes [Size.registerUser.password,Size.password,Size.java.lang.String,Size]; arguments [org.springframework.context.support.DefaultMessageSourceResolvable: codes [registerUser.password,password]; arguments []; default message [password],2147483647,8]; default message [Password length must be greater than 8]] [Field error in object 'registerUser' on field 'email': rejected value [kakail.com]; codes [Email.registerUser.email,Email.email,Email.java.lang.String,Email]; arguments [org.springframework.context.support.DefaultMessageSourceResolvable: codes [registerUser.email,email]; arguments []; default message [email],[Ljavax.validation.constraints.Pattern$Flag;@23b0663b,org.springframework.validation.beanvalidation.SpringValidatorAdapter$ResolvableAttribute@42837598]; default message [Please provide a valid email]] ]
2019-04-26 11:56:51,503 [http-nio-8080-exec-5]  WARN Resolved [org.springframework.web.bind.MethodArgumentNotValidException: Validation failed for argument [0] in public org.springframework.http.ResponseEntity<com.example.demojwt.Utils.ApplicationUserResponse> com.example.demojwt.Applicationuser.ApplicationUserController.addUser(com.example.demojwt.Applicationuser.model.RegisterUser): [Field error in object 'registerUser' on field 'password': rejected value [pword]; codes [Size.registerUser.password,Size.password,Size.java.lang.String,Size]; arguments [org.springframework.context.support.DefaultMessageSourceResolvable: codes [registerUser.password,password]; arguments []; default message [password],2147483647,8]; default message [Password length must be greater than 8]] ]
