2019-04-24 13:00:09.907  INFO 17228 --- [restartedMain] com.example.demojwt.DemoJwtApplication   : Starting DemoJwtApplication on TRCm-ACDM11 with PID 17228 (C:\Users\ekangethe\Downloads\Oauth2JwtProject\demo-jwt\target\classes started by ekangethe in C:\Users\ekangethe\Downloads\Oauth2JwtProject\demo-jwt)
2019-04-24 13:00:09.909  INFO 17228 --- [restartedMain] com.example.demojwt.DemoJwtApplication   : No active profile set, falling back to default profiles: default
2019-04-24 13:00:09.935  INFO 17228 --- [restartedMain] .e.DevToolsPropertyDefaultsPostProcessor : Devtools property defaults active! Set 'spring.devtools.add-properties' to 'false' to disable
2019-04-24 13:00:09.936  INFO 17228 --- [restartedMain] .e.DevToolsPropertyDefaultsPostProcessor : For additional web related logging consider setting the 'logging.level.web' property to 'DEBUG'
2019-04-24 13:00:10.614  INFO 17228 --- [restartedMain] .s.d.r.c.RepositoryConfigurationDelegate : Bootstrapping Spring Data repositories in DEFAULT mode.
2019-04-24 13:00:10.666  INFO 17228 --- [restartedMain] .s.d.r.c.RepositoryConfigurationDelegate : Finished Spring Data repository scanning in 48ms. Found 3 repository interfaces.
2019-04-24 13:00:10.966  INFO 17228 --- [restartedMain] trationDelegate$BeanPostProcessorChecker : Bean 'org.springframework.transaction.annotation.ProxyTransactionManagementConfiguration' of type [org.springframework.transaction.annotation.ProxyTransactionManagementConfiguration$$EnhancerBySpringCGLIB$$d8f05bbb] is not eligible for getting processed by all BeanPostProcessors (for example: not eligible for auto-proxying)
2019-04-24 13:00:10.989  INFO 17228 --- [restartedMain] trationDelegate$BeanPostProcessorChecker : Bean 'org.springframework.security.config.annotation.configuration.ObjectPostProcessorConfiguration' of type [org.springframework.security.config.annotation.configuration.ObjectPostProcessorConfiguration$$EnhancerBySpringCGLIB$$719e23f5] is not eligible for getting processed by all BeanPostProcessors (for example: not eligible for auto-proxying)
2019-04-24 13:00:10.994  INFO 17228 --- [restartedMain] trationDelegate$BeanPostProcessorChecker : Bean 'objectPostProcessor' of type [org.springframework.security.config.annotation.configuration.AutowireBeanFactoryObjectPostProcessor] is not eligible for getting processed by all BeanPostProcessors (for example: not eligible for auto-proxying)
2019-04-24 13:00:10.995  INFO 17228 --- [restartedMain] trationDelegate$BeanPostProcessorChecker : Bean 'org.springframework.security.access.expression.method.DefaultMethodSecurityExpressionHandler@38fbb27' of type [org.springframework.security.access.expression.method.DefaultMethodSecurityExpressionHandler] is not eligible for getting processed by all BeanPostProcessors (for example: not eligible for auto-proxying)
2019-04-24 13:00:10.998  INFO 17228 --- [restartedMain] trationDelegate$BeanPostProcessorChecker : Bean 'org.springframework.security.config.annotation.method.configuration.GlobalMethodSecurityConfiguration' of type [org.springframework.security.config.annotation.method.configuration.GlobalMethodSecurityConfiguration$$EnhancerBySpringCGLIB$$9672c6a7] is not eligible for getting processed by all BeanPostProcessors (for example: not eligible for auto-proxying)
2019-04-24 13:00:10.999  INFO 17228 --- [restartedMain] trationDelegate$BeanPostProcessorChecker : Bean 'methodSecurityMetadataSource' of type [org.springframework.security.access.method.DelegatingMethodSecurityMetadataSource] is not eligible for getting processed by all BeanPostProcessors (for example: not eligible for auto-proxying)
2019-04-24 13:00:11.360  INFO 17228 --- [restartedMain] o.s.b.w.embedded.tomcat.TomcatWebServer  : Tomcat initialized with port(s): 8080 (http)
2019-04-24 13:00:11.376  INFO 17228 --- [restartedMain] o.apache.catalina.core.StandardService   : Starting service [Tomcat]
2019-04-24 13:00:11.376  INFO 17228 --- [restartedMain] org.apache.catalina.core.StandardEngine  : Starting Servlet engine: [Apache Tomcat/9.0.17]
2019-04-24 13:00:11.461  INFO 17228 --- [restartedMain] o.a.c.c.C.[Tomcat].[localhost].[/]       : Initializing Spring embedded WebApplicationContext
2019-04-24 13:00:11.462  INFO 17228 --- [restartedMain] o.s.web.context.ContextLoader            : Root WebApplicationContext: initialization completed in 1526 ms
2019-04-24 13:00:11.759  INFO 17228 --- [restartedMain] o.f.c.internal.license.VersionPrinter    : Flyway Community Edition 5.2.4 by Boxfuse
2019-04-24 13:00:11.760  INFO 17228 --- [restartedMain] com.zaxxer.hikari.HikariDataSource       : HikariPool-1 - Starting...
2019-04-24 13:00:11.830  INFO 17228 --- [restartedMain] com.zaxxer.hikari.HikariDataSource       : HikariPool-1 - Start completed.
2019-04-24 13:00:11.832  INFO 17228 --- [restartedMain] o.f.c.internal.database.DatabaseFactory  : Database: jdbc:mysql://localhost:3306/user_security (MySQL 5.7)
2019-04-24 13:00:11.875  INFO 17228 --- [restartedMain] o.f.core.internal.command.DbValidate     : Successfully validated 1 migration (execution time 00:00.011s)
2019-04-24 13:00:11.892  INFO 17228 --- [restartedMain] o.f.c.i.s.JdbcTableSchemaHistory         : Creating Schema History table: `user_security`.`flyway_schema_history`
2019-04-24 13:00:12.197  INFO 17228 --- [restartedMain] o.f.core.internal.command.DbMigrate      : Current version of schema `user_security`: << Empty Schema >>
2019-04-24 13:00:12.199  INFO 17228 --- [restartedMain] o.f.core.internal.command.DbMigrate      : Migrating schema `user_security` to version 1 - 20190423  oauth client details schema
2019-04-24 13:00:12.210  WARN 17228 --- [restartedMain] o.f.c.i.s.DefaultSqlScriptExecutor       : DB: Unknown table 'user_security.oauth_client_details' (SQL State: 42S02 - Error Code: 1051)
2019-04-24 13:00:12.389  INFO 17228 --- [restartedMain] o.f.core.internal.command.DbMigrate      : Successfully applied 1 migration to schema `user_security` (execution time 00:00.499s)
2019-04-24 13:00:12.464  INFO 17228 --- [restartedMain] o.hibernate.jpa.internal.util.LogHelper  : HHH000204: Processing PersistenceUnitInfo [
	name: default
	...]
2019-04-24 13:00:12.502  INFO 17228 --- [restartedMain] org.hibernate.Version                    : HHH000412: Hibernate Core {5.3.9.Final}
2019-04-24 13:00:12.503  INFO 17228 --- [restartedMain] org.hibernate.cfg.Environment            : HHH000206: hibernate.properties not found
2019-04-24 13:00:12.580  INFO 17228 --- [restartedMain] o.hibernate.annotations.common.Version   : HCANN000001: Hibernate Commons Annotations {5.0.4.Final}
2019-04-24 13:00:12.660  INFO 17228 --- [restartedMain] org.hibernate.dialect.Dialect            : HHH000400: Using dialect: org.hibernate.dialect.MySQL5Dialect
2019-04-24 13:00:13.711  INFO 17228 --- [restartedMain] j.LocalContainerEntityManagerFactoryBean : Initialized JPA EntityManagerFactory for persistence unit 'default'
2019-04-24 13:00:13.744  INFO 17228 --- [restartedMain] o.s.b.d.a.OptionalLiveReloadServer       : LiveReload server is running on port 35729
2019-04-24 13:00:14.638  INFO 17228 --- [restartedMain] o.s.s.web.DefaultSecurityFilterChain     : Creating filter chain: OrRequestMatcher [requestMatchers=[Ant [pattern='/oauth/token'], Ant [pattern='/oauth/token_key'], Ant [pattern='/oauth/check_token']]], [org.springframework.security.web.context.request.async.WebAsyncManagerIntegrationFilter@74633336, org.springframework.security.web.context.SecurityContextPersistenceFilter@5a027faf, org.springframework.security.web.header.HeaderWriterFilter@4da88c3d, org.springframework.security.web.authentication.logout.LogoutFilter@32e51a44, org.springframework.security.web.authentication.www.BasicAuthenticationFilter@6a962833, org.springframework.security.web.savedrequest.RequestCacheAwareFilter@283699db, org.springframework.security.web.servletapi.SecurityContextHolderAwareRequestFilter@3cfa8993, org.springframework.security.web.authentication.AnonymousAuthenticationFilter@5109ee81, org.springframework.security.web.session.SessionManagementFilter@1c724efd, org.springframework.security.web.access.ExceptionTranslationFilter@5af95aa7, org.springframework.security.web.access.intercept.FilterSecurityInterceptor@4548f27f]
2019-04-24 13:00:14.645  WARN 17228 --- [restartedMain] ConfigServletWebServerApplicationContext : Exception encountered during context initialization - cancelling refresh attempt: org.springframework.beans.factory.BeanCreationException: Error creating bean with name 'springSecurityFilterChain' defined in class path resource [org/springframework/security/config/annotation/web/configuration/WebSecurityConfiguration.class]: Bean instantiation via factory method failed; nested exception is org.springframework.beans.BeanInstantiationException: Failed to instantiate [javax.servlet.Filter]: Factory method 'springSecurityFilterChain' threw exception; nested exception is java.lang.IllegalStateException: Cannot apply org.springframework.security.config.annotation.web.configurers.ExpressionUrlAuthorizationConfigurer@30de12af to already built object
2019-04-24 13:00:14.647  INFO 17228 --- [restartedMain] j.LocalContainerEntityManagerFactoryBean : Closing JPA EntityManagerFactory for persistence unit 'default'
2019-04-24 13:00:14.649  INFO 17228 --- [restartedMain] com.zaxxer.hikari.HikariDataSource       : HikariPool-1 - Shutdown initiated...
2019-04-24 13:00:14.658  INFO 17228 --- [restartedMain] com.zaxxer.hikari.HikariDataSource       : HikariPool-1 - Shutdown completed.
2019-04-24 13:00:14.661  INFO 17228 --- [restartedMain] o.apache.catalina.core.StandardService   : Stopping service [Tomcat]
2019-04-24 13:00:14.673  INFO 17228 --- [restartedMain] ConditionEvaluationReportLoggingListener : 

Error starting ApplicationContext. To display the conditions report re-run your application with 'debug' enabled.
2019-04-24 13:00:14.679 ERROR 17228 --- [restartedMain] o.s.boot.SpringApplication               : Application run failed

org.springframework.beans.factory.BeanCreationException: Error creating bean with name 'springSecurityFilterChain' defined in class path resource [org/springframework/security/config/annotation/web/configuration/WebSecurityConfiguration.class]: Bean instantiation via factory method failed; nested exception is org.springframework.beans.BeanInstantiationException: Failed to instantiate [javax.servlet.Filter]: Factory method 'springSecurityFilterChain' threw exception; nested exception is java.lang.IllegalStateException: Cannot apply org.springframework.security.config.annotation.web.configurers.ExpressionUrlAuthorizationConfigurer@30de12af to already built object
	at org.springframework.beans.factory.support.ConstructorResolver.instantiate(ConstructorResolver.java:627)
	at org.springframework.beans.factory.support.ConstructorResolver.instantiateUsingFactoryMethod(ConstructorResolver.java:456)
	at org.springframework.beans.factory.support.AbstractAutowireCapableBeanFactory.instantiateUsingFactoryMethod(AbstractAutowireCapableBeanFactory.java:1321)
	at org.springframework.beans.factory.support.AbstractAutowireCapableBeanFactory.createBeanInstance(AbstractAutowireCapableBeanFactory.java:1160)
	at org.springframework.beans.factory.support.AbstractAutowireCapableBeanFactory.doCreateBean(AbstractAutowireCapableBeanFactory.java:555)
	at org.springframework.beans.factory.support.AbstractAutowireCapableBeanFactory.createBean(AbstractAutowireCapableBeanFactory.java:515)
	at org.springframework.beans.factory.support.AbstractBeanFactory.lambda$doGetBean$0(AbstractBeanFactory.java:320)
	at org.springframework.beans.factory.support.DefaultSingletonBeanRegistry.getSingleton(DefaultSingletonBeanRegistry.java:222)
	at org.springframework.beans.factory.support.AbstractBeanFactory.doGetBean(AbstractBeanFactory.java:318)
	at org.springframework.beans.factory.support.AbstractBeanFactory.getBean(AbstractBeanFactory.java:199)
	at org.springframework.beans.factory.support.AbstractBeanFactory.doGetBean(AbstractBeanFactory.java:307)
	at org.springframework.beans.factory.support.AbstractBeanFactory.getBean(AbstractBeanFactory.java:199)
	at org.springframework.beans.factory.support.DefaultListableBeanFactory.preInstantiateSingletons(DefaultListableBeanFactory.java:849)
	at org.springframework.context.support.AbstractApplicationContext.finishBeanFactoryInitialization(AbstractApplicationContext.java:877)
	at org.springframework.context.support.AbstractApplicationContext.refresh(AbstractApplicationContext.java:549)
	at org.springframework.boot.web.servlet.context.ServletWebServerApplicationContext.refresh(ServletWebServerApplicationContext.java:142)
	at org.springframework.boot.SpringApplication.refresh(SpringApplication.java:775)
	at org.springframework.boot.SpringApplication.refreshContext(SpringApplication.java:397)
	at org.springframework.boot.SpringApplication.run(SpringApplication.java:316)
	at org.springframework.boot.SpringApplication.run(SpringApplication.java:1260)
	at org.springframework.boot.SpringApplication.run(SpringApplication.java:1248)
	at com.example.demojwt.DemoJwtApplication.main(DemoJwtApplication.java:14)
	at java.base/jdk.internal.reflect.NativeMethodAccessorImpl.invoke0(Native Method)
	at java.base/jdk.internal.reflect.NativeMethodAccessorImpl.invoke(NativeMethodAccessorImpl.java:62)
	at java.base/jdk.internal.reflect.DelegatingMethodAccessorImpl.invoke(DelegatingMethodAccessorImpl.java:43)
	at java.base/java.lang.reflect.Method.invoke(Method.java:566)
	at org.springframework.boot.devtools.restart.RestartLauncher.run(RestartLauncher.java:49)
Caused by: org.springframework.beans.BeanInstantiationException: Failed to instantiate [javax.servlet.Filter]: Factory method 'springSecurityFilterChain' threw exception; nested exception is java.lang.IllegalStateException: Cannot apply org.springframework.security.config.annotation.web.configurers.ExpressionUrlAuthorizationConfigurer@30de12af to already built object
	at org.springframework.beans.factory.support.SimpleInstantiationStrategy.instantiate(SimpleInstantiationStrategy.java:185)
	at org.springframework.beans.factory.support.ConstructorResolver.instantiate(ConstructorResolver.java:622)
	... 26 common frames omitted
Caused by: java.lang.IllegalStateException: Cannot apply org.springframework.security.config.annotation.web.configurers.ExpressionUrlAuthorizationConfigurer@30de12af to already built object
	at org.springframework.security.config.annotation.AbstractConfiguredSecurityBuilder.add(AbstractConfiguredSecurityBuilder.java:196)
	at org.springframework.security.config.annotation.AbstractConfiguredSecurityBuilder.apply(AbstractConfiguredSecurityBuilder.java:133)
	at org.springframework.security.config.annotation.web.builders.HttpSecurity.getOrApply(HttpSecurity.java:1501)
	at org.springframework.security.config.annotation.web.builders.HttpSecurity.authorizeRequests(HttpSecurity.java:654)
	at org.springframework.security.oauth2.config.annotation.web.configurers.ResourceServerSecurityConfigurer.configure(ResourceServerSecurityConfigurer.java:222)
	at org.springframework.security.oauth2.config.annotation.web.configurers.ResourceServerSecurityConfigurer.configure(ResourceServerSecurityConfigurer.java:59)
	at org.springframework.security.config.annotation.AbstractConfiguredSecurityBuilder.configure(AbstractConfiguredSecurityBuilder.java:384)
	at org.springframework.security.config.annotation.AbstractConfiguredSecurityBuilder.doBuild(AbstractConfiguredSecurityBuilder.java:330)
	at org.springframework.security.config.annotation.AbstractSecurityBuilder.build(AbstractSecurityBuilder.java:41)
	at org.springframework.security.config.annotation.web.builders.WebSecurity.performBuild(WebSecurity.java:294)
	at org.springframework.security.config.annotation.web.builders.WebSecurity.performBuild(WebSecurity.java:79)
	at org.springframework.security.config.annotation.AbstractConfiguredSecurityBuilder.doBuild(AbstractConfiguredSecurityBuilder.java:334)
	at org.springframework.security.config.annotation.AbstractSecurityBuilder.build(AbstractSecurityBuilder.java:41)
	at org.springframework.security.config.annotation.web.configuration.WebSecurityConfiguration.springSecurityFilterChain(WebSecurityConfiguration.java:104)
	at org.springframework.security.config.annotation.web.configuration.WebSecurityConfiguration$$EnhancerBySpringCGLIB$$802188ae.CGLIB$springSecurityFilterChain$4(<generated>)
	at org.springframework.security.config.annotation.web.configuration.WebSecurityConfiguration$$EnhancerBySpringCGLIB$$802188ae$$FastClassBySpringCGLIB$$cb33d706.invoke(<generated>)
	at org.springframework.cglib.proxy.MethodProxy.invokeSuper(MethodProxy.java:244)
	at org.springframework.context.annotation.ConfigurationClassEnhancer$BeanMethodInterceptor.intercept(ConfigurationClassEnhancer.java:363)
	at org.springframework.security.config.annotation.web.configuration.WebSecurityConfiguration$$EnhancerBySpringCGLIB$$802188ae.springSecurityFilterChain(<generated>)
	at java.base/jdk.internal.reflect.NativeMethodAccessorImpl.invoke0(Native Method)
	at java.base/jdk.internal.reflect.NativeMethodAccessorImpl.invoke(NativeMethodAccessorImpl.java:62)
	at java.base/jdk.internal.reflect.DelegatingMethodAccessorImpl.invoke(DelegatingMethodAccessorImpl.java:43)
	at java.base/java.lang.reflect.Method.invoke(Method.java:566)
	at org.springframework.beans.factory.support.SimpleInstantiationStrategy.instantiate(SimpleInstantiationStrategy.java:154)
	... 27 common frames omitted

2019-04-24 13:00:42.847  INFO 12632 --- [restartedMain] com.example.demojwt.DemoJwtApplication   : Starting DemoJwtApplication on TRCm-ACDM11 with PID 12632 (C:\Users\ekangethe\Downloads\Oauth2JwtProject\demo-jwt\target\classes started by ekangethe in C:\Users\ekangethe\Downloads\Oauth2JwtProject\demo-jwt)
2019-04-24 13:00:42.850  INFO 12632 --- [restartedMain] com.example.demojwt.DemoJwtApplication   : No active profile set, falling back to default profiles: default
2019-04-24 13:00:42.886  INFO 12632 --- [restartedMain] .e.DevToolsPropertyDefaultsPostProcessor : Devtools property defaults active! Set 'spring.devtools.add-properties' to 'false' to disable
2019-04-24 13:00:42.887  INFO 12632 --- [restartedMain] .e.DevToolsPropertyDefaultsPostProcessor : For additional web related logging consider setting the 'logging.level.web' property to 'DEBUG'
2019-04-24 13:00:43.697  INFO 12632 --- [restartedMain] .s.d.r.c.RepositoryConfigurationDelegate : Bootstrapping Spring Data repositories in DEFAULT mode.
2019-04-24 13:00:43.778  INFO 12632 --- [restartedMain] .s.d.r.c.RepositoryConfigurationDelegate : Finished Spring Data repository scanning in 66ms. Found 3 repository interfaces.
2019-04-24 13:00:44.093  INFO 12632 --- [restartedMain] trationDelegate$BeanPostProcessorChecker : Bean 'org.springframework.transaction.annotation.ProxyTransactionManagementConfiguration' of type [org.springframework.transaction.annotation.ProxyTransactionManagementConfiguration$$EnhancerBySpringCGLIB$$d344c07e] is not eligible for getting processed by all BeanPostProcessors (for example: not eligible for auto-proxying)
2019-04-24 13:00:44.118  INFO 12632 --- [restartedMain] trationDelegate$BeanPostProcessorChecker : Bean 'org.springframework.security.config.annotation.configuration.ObjectPostProcessorConfiguration' of type [org.springframework.security.config.annotation.configuration.ObjectPostProcessorConfiguration$$EnhancerBySpringCGLIB$$6bf288b8] is not eligible for getting processed by all BeanPostProcessors (for example: not eligible for auto-proxying)
2019-04-24 13:00:44.123  INFO 12632 --- [restartedMain] trationDelegate$BeanPostProcessorChecker : Bean 'objectPostProcessor' of type [org.springframework.security.config.annotation.configuration.AutowireBeanFactoryObjectPostProcessor] is not eligible for getting processed by all BeanPostProcessors (for example: not eligible for auto-proxying)
2019-04-24 13:00:44.124  INFO 12632 --- [restartedMain] trationDelegate$BeanPostProcessorChecker : Bean 'org.springframework.security.access.expression.method.DefaultMethodSecurityExpressionHandler@7bb689e0' of type [org.springframework.security.access.expression.method.DefaultMethodSecurityExpressionHandler] is not eligible for getting processed by all BeanPostProcessors (for example: not eligible for auto-proxying)
2019-04-24 13:00:44.125  INFO 12632 --- [restartedMain] trationDelegate$BeanPostProcessorChecker : Bean 'org.springframework.security.config.annotation.method.configuration.GlobalMethodSecurityConfiguration' of type [org.springframework.security.config.annotation.method.configuration.GlobalMethodSecurityConfiguration$$EnhancerBySpringCGLIB$$90c72b6a] is not eligible for getting processed by all BeanPostProcessors (for example: not eligible for auto-proxying)
2019-04-24 13:00:44.126  INFO 12632 --- [restartedMain] trationDelegate$BeanPostProcessorChecker : Bean 'methodSecurityMetadataSource' of type [org.springframework.security.access.method.DelegatingMethodSecurityMetadataSource] is not eligible for getting processed by all BeanPostProcessors (for example: not eligible for auto-proxying)
2019-04-24 13:00:44.470  INFO 12632 --- [restartedMain] o.s.b.w.embedded.tomcat.TomcatWebServer  : Tomcat initialized with port(s): 8080 (http)
2019-04-24 13:00:44.487  INFO 12632 --- [restartedMain] o.apache.catalina.core.StandardService   : Starting service [Tomcat]
2019-04-24 13:00:44.487  INFO 12632 --- [restartedMain] org.apache.catalina.core.StandardEngine  : Starting Servlet engine: [Apache Tomcat/9.0.17]
2019-04-24 13:00:44.576  INFO 12632 --- [restartedMain] o.a.c.c.C.[Tomcat].[localhost].[/]       : Initializing Spring embedded WebApplicationContext
2019-04-24 13:00:44.577  INFO 12632 --- [restartedMain] o.s.web.context.ContextLoader            : Root WebApplicationContext: initialization completed in 1690 ms
2019-04-24 13:00:44.884  INFO 12632 --- [restartedMain] o.f.c.internal.license.VersionPrinter    : Flyway Community Edition 5.2.4 by Boxfuse
2019-04-24 13:00:44.885  INFO 12632 --- [restartedMain] com.zaxxer.hikari.HikariDataSource       : HikariPool-1 - Starting...
2019-04-24 13:00:44.947  INFO 12632 --- [restartedMain] com.zaxxer.hikari.HikariDataSource       : HikariPool-1 - Start completed.
2019-04-24 13:00:44.949  INFO 12632 --- [restartedMain] o.f.c.internal.database.DatabaseFactory  : Database: jdbc:mysql://localhost:3306/user_security (MySQL 5.7)
2019-04-24 13:00:44.992  INFO 12632 --- [restartedMain] o.f.core.internal.command.DbValidate     : Successfully validated 1 migration (execution time 00:00.014s)
2019-04-24 13:00:44.999  INFO 12632 --- [restartedMain] o.f.core.internal.command.DbMigrate      : Current version of schema `user_security`: 1
2019-04-24 13:00:45.000  INFO 12632 --- [restartedMain] o.f.core.internal.command.DbMigrate      : Schema `user_security` is up to date. No migration necessary.
2019-04-24 13:00:45.076  INFO 12632 --- [restartedMain] o.hibernate.jpa.internal.util.LogHelper  : HHH000204: Processing PersistenceUnitInfo [
	name: default
	...]
2019-04-24 13:00:45.112  INFO 12632 --- [restartedMain] org.hibernate.Version                    : HHH000412: Hibernate Core {5.3.9.Final}
2019-04-24 13:00:45.113  INFO 12632 --- [restartedMain] org.hibernate.cfg.Environment            : HHH000206: hibernate.properties not found
2019-04-24 13:00:45.192  INFO 12632 --- [restartedMain] o.hibernate.annotations.common.Version   : HCANN000001: Hibernate Commons Annotations {5.0.4.Final}
2019-04-24 13:00:45.270  INFO 12632 --- [restartedMain] org.hibernate.dialect.Dialect            : HHH000400: Using dialect: org.hibernate.dialect.MySQL5Dialect
2019-04-24 13:00:45.923  INFO 12632 --- [restartedMain] j.LocalContainerEntityManagerFactoryBean : Initialized JPA EntityManagerFactory for persistence unit 'default'
2019-04-24 13:00:45.959  INFO 12632 --- [restartedMain] o.s.b.d.a.OptionalLiveReloadServer       : LiveReload server is running on port 35729
2019-04-24 13:00:46.912  INFO 12632 --- [restartedMain] o.s.s.web.DefaultSecurityFilterChain     : Creating filter chain: OrRequestMatcher [requestMatchers=[Ant [pattern='/oauth/token'], Ant [pattern='/oauth/token_key'], Ant [pattern='/oauth/check_token']]], [org.springframework.security.web.context.request.async.WebAsyncManagerIntegrationFilter@151e74b2, org.springframework.security.web.context.SecurityContextPersistenceFilter@1a2bf22, org.springframework.security.web.header.HeaderWriterFilter@68b4418c, org.springframework.security.web.authentication.logout.LogoutFilter@79fdaf5f, org.springframework.security.web.authentication.www.BasicAuthenticationFilter@70103b1, org.springframework.security.web.savedrequest.RequestCacheAwareFilter@3b62d524, org.springframework.security.web.servletapi.SecurityContextHolderAwareRequestFilter@142cea32, org.springframework.security.web.authentication.AnonymousAuthenticationFilter@31783338, org.springframework.security.web.session.SessionManagementFilter@a99a56c, org.springframework.security.web.access.ExceptionTranslationFilter@2d459064, org.springframework.security.web.access.intercept.FilterSecurityInterceptor@509e0dfb]
2019-04-24 13:00:46.926  INFO 12632 --- [restartedMain] o.s.s.web.DefaultSecurityFilterChain     : Creating filter chain: org.springframework.security.oauth2.config.annotation.web.configuration.ResourceServerConfiguration$NotOAuthRequestMatcher@4cc883e8, [org.springframework.security.web.context.request.async.WebAsyncManagerIntegrationFilter@17118fca, org.springframework.security.web.context.SecurityContextPersistenceFilter@4a31f634, org.springframework.security.web.header.HeaderWriterFilter@67a58b48, org.springframework.security.web.authentication.logout.LogoutFilter@3627efdf, org.springframework.security.oauth2.provider.authentication.OAuth2AuthenticationProcessingFilter@2a9d4836, org.springframework.security.web.savedrequest.RequestCacheAwareFilter@6763b91, org.springframework.security.web.servletapi.SecurityContextHolderAwareRequestFilter@4d420fdc, org.springframework.security.web.authentication.AnonymousAuthenticationFilter@15f3df84, org.springframework.security.web.session.SessionManagementFilter@5f24874c, org.springframework.security.web.access.ExceptionTranslationFilter@5972af2c, org.springframework.security.web.access.intercept.FilterSecurityInterceptor@36ca862c]
2019-04-24 13:00:46.931  INFO 12632 --- [restartedMain] o.s.s.web.DefaultSecurityFilterChain     : Creating filter chain: any request, [org.springframework.security.web.context.request.async.WebAsyncManagerIntegrationFilter@4b998746, org.springframework.security.web.context.SecurityContextPersistenceFilter@34b639cd, org.springframework.security.web.header.HeaderWriterFilter@70bc9f8c, org.springframework.security.web.authentication.logout.LogoutFilter@75571fee, org.springframework.security.web.authentication.UsernamePasswordAuthenticationFilter@579675d7, org.springframework.security.web.authentication.ui.DefaultLoginPageGeneratingFilter@702a2877, org.springframework.security.web.authentication.ui.DefaultLogoutPageGeneratingFilter@3449c165, org.springframework.security.web.savedrequest.RequestCacheAwareFilter@4e83c60e, org.springframework.security.web.servletapi.SecurityContextHolderAwareRequestFilter@5a5770ad, org.springframework.security.web.authentication.AnonymousAuthenticationFilter@7d29143b, org.springframework.security.web.session.SessionManagementFilter@33f33484, org.springframework.security.web.access.ExceptionTranslationFilter@1f3cbe73, org.springframework.security.web.access.intercept.FilterSecurityInterceptor@2dbc82bd]
2019-04-24 13:00:47.037  INFO 12632 --- [restartedMain] o.s.s.concurrent.ThreadPoolTaskExecutor  : Initializing ExecutorService 'applicationTaskExecutor'
2019-04-24 13:00:47.062  WARN 12632 --- [restartedMain] aWebConfiguration$JpaWebMvcConfiguration : spring.jpa.open-in-view is enabled by default. Therefore, database queries may be performed during view rendering. Explicitly configure spring.jpa.open-in-view to disable this warning
2019-04-24 13:00:47.234  INFO 12632 --- [restartedMain] o.s.b.a.e.web.EndpointLinksResolver      : Exposing 2 endpoint(s) beneath base path '/actuator'
2019-04-24 13:00:47.318  INFO 12632 --- [restartedMain] o.h.h.i.QueryTranslatorFactoryInitiator  : HHH000397: Using ASTQueryTranslatorFactory
2019-04-24 13:00:47.570  INFO 12632 --- [restartedMain] o.s.b.w.embedded.tomcat.TomcatWebServer  : Tomcat started on port(s): 8080 (http) with context path ''
2019-04-24 13:00:47.573  INFO 12632 --- [restartedMain] com.example.demojwt.DemoJwtApplication   : Started DemoJwtApplication in 4.97 seconds (JVM running for 5.615)
2019-04-24 13:00:47.712  INFO 12632 --- [RMI TCP Connection(1)-192.168.254.52] o.a.c.c.C.[Tomcat].[localhost].[/]       : Initializing Spring DispatcherServlet 'dispatcherServlet'
2019-04-24 13:00:47.715  INFO 12632 --- [RMI TCP Connection(1)-192.168.254.52] o.s.web.servlet.DispatcherServlet        : Initializing Servlet 'dispatcherServlet'
2019-04-24 13:00:47.725  INFO 12632 --- [RMI TCP Connection(1)-192.168.254.52] o.s.web.servlet.DispatcherServlet        : Completed initialization in 10 ms
